[debug] [2023-09-11T05:19:15.081Z] ----------------------------------------------------------------------
[debug] [2023-09-11T05:19:15.083Z] Command:       C:\Program Files\nodejs\node.exe C:\Users\nahal roshan k\AppData\Roaming\npm\node_modules\firebase-tools\lib\bin\firebase.js init
[debug] [2023-09-11T05:19:15.083Z] CLI Version:   12.5.3
[debug] [2023-09-11T05:19:15.083Z] Platform:      win32
[debug] [2023-09-11T05:19:15.083Z] Node Version:  v16.15.1
[debug] [2023-09-11T05:19:15.084Z] Time:          Mon Sep 11 2023 10:49:15 GMT+0530 (India Standard Time)
[debug] [2023-09-11T05:19:15.085Z] ----------------------------------------------------------------------
[debug] 
[debug] [2023-09-11T05:19:15.151Z] > command requires scopes: ["email","openid","https://www.googleapis.com/auth/cloudplatformprojects.readonly","https://www.googleapis.com/auth/firebase","https://www.googleapis.com/auth/cloud-platform"]
[debug] [2023-09-11T05:19:15.152Z] > authorizing via signed-in user (nahalroshan5@gmail.com)
[info] 
     ######## #### ########  ######## ########     ###     ######  ########
     ##        ##  ##     ## ##       ##     ##  ##   ##  ##       ##
     ######    ##  ########  ######   ########  #########  ######  ######
     ##        ##  ##    ##  ##       ##     ## ##     ##       ## ##
     ##       #### ##     ## ######## ########  ##     ##  ######  ########

You're about to initialize a Firebase project in this directory:

  E:\MERN\expense-tracker

Before we get started, keep in mind:

  * You are initializing within an existing Firebase project directory

[info] 
=== Project Setup
[info] 
[info] First, let's associate this project directory with a Firebase project.
[info] You can create multiple project aliases by running firebase use --add, 
[info] but for now we'll just set up a default project.
[info] 
[debug] [2023-09-11T05:19:21.007Z] Using project from CLI flag: expense-tracker-bbd10
[debug] [2023-09-11T05:19:21.009Z] >>> [apiv2][query] GET https://firebase.googleapis.com/v1beta1/projects/expense-tracker-bbd10 [none]
[debug] [2023-09-11T05:19:22.401Z] <<< [apiv2][status] GET https://firebase.googleapis.com/v1beta1/projects/expense-tracker-bbd10 200
[debug] [2023-09-11T05:19:22.401Z] <<< [apiv2][body] GET https://firebase.googleapis.com/v1beta1/projects/expense-tracker-bbd10 {"projectId":"expense-tracker-bbd10","projectNumber":"1065729512340","displayName":"expense-tracker","name":"projects/expense-tracker-bbd10","resources":{"hostingSite":"expense-tracker-bbd10","realtimeDatabaseInstance":"expense-tracker-bbd10-default-rtdb"},"state":"ACTIVE","etag":"1_d15f0e35-bf17-4310-a85c-9cf93b6ddc3d"}
[info] i  Using project expense-tracker-bbd10 (expense-tracker) 
[info] 
=== Hosting Setup
[info] 
[info] Your public directory is the folder (relative to your project directory) that
[info] will contain Hosting assets to be uploaded with firebase deploy. If you
[info] have a build process for your assets, use your build's output directory.
[info] 
[info] +  Wrote build/404.html 
[debug] [2023-09-11T05:19:35.606Z] >>> [apiv2][query] GET https://www.gstatic.com/firebasejs/releases.json [none]
[debug] [2023-09-11T05:19:35.916Z] <<< [apiv2][status] GET https://www.gstatic.com/firebasejs/releases.json 200
[debug] [2023-09-11T05:19:35.917Z] <<< [apiv2][body] GET https://www.gstatic.com/firebasejs/releases.json {"current":{"version":"10.3.1","browserURL":"https://www.gstatic.com/firebasejs/10.3.1/firebase.js","packageURL":"https://www.gstatic.com/firebasejs/10.3.1/firebase.tgz"},"live":{"version":"10.3","browserURL":"https://www.gstatic.com/firebasejs/live/10.3/firebase.js","packageURL":"https://www.gstatic.com/firebasejs/live/10.3/firebase.tgz"},"components":{"analytics":"https://www.gstatic.com/firebasejs/10.3.1/firebase-analytics.js","app":"https://www.gstatic.com/firebasejs/10.3.1/firebase-app.js","app-check":"https://www.gstatic.com/firebasejs/10.3.1/firebase-app-check.js","auth":"https://www.gstatic.com/firebasejs/10.3.1/firebase-auth.js","auth/cordova":"https://www.gstatic.com/firebasejs/10.3.1/firebase-auth/cordova.js","functions":"https://www.gstatic.com/firebasejs/10.3.1/firebase-functions.js","firestore":"https://www.gstatic.com/firebasejs/10.3.1/firebase-firestore.js","firestore/lite":"https://www.gstatic.com/firebasejs/10.3.1/firebase-firestore/lite.js","installations":"https://www.gstatic.com/firebasejs/10.3.1/firebase-installations.js","storage":"https://www.gstatic.com/firebasejs/10.3.1/firebase-storage.js","performance":"https://www.gstatic.com/firebasejs/10.3.1/firebase-performance.js","remote-config":"https://www.gstatic.com/firebasejs/10.3.1/firebase-remote-config.js","messaging":"https://www.gstatic.com/firebasejs/10.3.1/firebase-messaging.js","messaging/sw":"https://www.gstatic.com/firebasejs/10.3.1/firebase-messaging/sw.js","database":"https://www.gstatic.com/firebasejs/10.3.1/firebase-database.js","firestore.memory":"https://www.gstatic.com/firebasejs/10.3.1/firebase-firestore.memory.js"}}
[info] +  Wrote build/index.html 
[info] 
[info] i  Detected a .git folder at E:\MERN\expense-tracker 
[info] i  Authorizing with GitHub to upload your service account to a GitHub repository's secrets store. 
[info] 
[info] Visit this URL on this device to log in:
[info] https://github.com/login/oauth/authorize?client_id=89cf50f02ac6aaed3484&state=991370557&redirect_uri=http%3A%2F%2Flocalhost%3A9005&scope=read%3Auser%20repo%20public_repo
[info] 
[info] Waiting for authentication...
[debug] [2023-09-11T05:19:38.301Z] >>> [apiv2][query] POST https://github.com/login/oauth/access_token [none]
[debug] [2023-09-11T05:19:38.301Z] >>> [apiv2][body] POST https://github.com/login/oauth/access_token [stream]
[debug] [2023-09-11T05:19:38.880Z] <<< [apiv2][status] POST https://github.com/login/oauth/access_token 200
[debug] [2023-09-11T05:19:38.880Z] <<< [apiv2][body] POST https://github.com/login/oauth/access_token {"access_token":"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","token_type":"bearer","scope":"read:user,repo"}
[debug] [2023-09-11T05:19:38.884Z] >>> [apiv2][query] GET https://api.github.com/user [none]
[debug] [2023-09-11T05:19:41.045Z] <<< [apiv2][status] GET https://api.github.com/user 200
[debug] [2023-09-11T05:19:41.045Z] <<< [apiv2][body] GET https://api.github.com/user {"login":"nahalroshan","id":96647004,"node_id":"U_kgDOBcK3XA","avatar_url":"https://avatars.githubusercontent.com/u/96647004?v=4","gravatar_id":"","url":"https://api.github.com/users/nahalroshan","html_url":"https://github.com/nahalroshan","followers_url":"https://api.github.com/users/nahalroshan/followers","following_url":"https://api.github.com/users/nahalroshan/following{/other_user}","gists_url":"https://api.github.com/users/nahalroshan/gists{/gist_id}","starred_url":"https://api.github.com/users/nahalroshan/starred{/owner}{/repo}","subscriptions_url":"https://api.github.com/users/nahalroshan/subscriptions","organizations_url":"https://api.github.com/users/nahalroshan/orgs","repos_url":"https://api.github.com/users/nahalroshan/repos","events_url":"https://api.github.com/users/nahalroshan/events{/privacy}","received_events_url":"https://api.github.com/users/nahalroshan/received_events","type":"User","site_admin":false,"name":null,"company":null,"blog":"","location":null,"email":null,"hireable":null,"bio":null,"twitter_username":null,"public_repos":14,"public_gists":0,"followers":4,"following":17,"created_at":"2021-12-25T08:10:40Z","updated_at":"2023-09-11T09:01:41Z","private_gists":0,"total_private_repos":4,"owned_private_repos":4,"disk_usage":5521,"collaborators":1,"two_factor_authentication":false,"plan":{"name":"free","space":976562499,"collaborators":0,"private_repos":10000}}
[info] 
[info] +  Success! Logged into GitHub as nahalroshan 
[info] 
